<?xml version="1.0" encoding="UTF-8"?>
<!-- Generated by org.testng.reporters.JUnitReportReporter -->
<testsuite hostname="LAPTOP-6MS1Q367" failures="0" tests="3" name="testcases.testcases" time="128.878" errors="0" timestamp="2021-09-14T18:32:14 IST" skipped="0">
  <testcase classname="testcases.testcases" name="Tc_001_Oneplus" time="47.615"/>
  <system-out/>
  <testcase classname="testcases.testcases" name="Tc_001_Oneplus" time="42.990"/>
  <system-out/>
  <testcase classname="testcases.testcases" name="Tc_001_Oneplus" time="38.273"/>
  <system-out/>
</testsuite> <!-- testcases.testcases -->
