<?xml version="1.0" encoding="UTF-8"?>
<!-- Generated by org.testng.reporters.JUnitReportReporter -->
<testsuite hostname="LAPTOP-6MS1Q367" failures="0" tests="3" name="testcases.testcases" time="116.967" errors="0" timestamp="2021-09-14T18:45:12 IST" skipped="0">
  <testcase classname="testcases.testcases" name="Tc_001_Oneplus" time="36.873"/>
  <system-out/>
  <testcase classname="testcases.testcases" name="Tc_001_Oneplus" time="39.123"/>
  <system-out/>
  <testcase classname="testcases.testcases" name="Tc_001_Oneplus" time="40.971"/>
  <system-out/>
</testsuite> <!-- testcases.testcases -->
